<?xml version="1.0" encoding="UTF-8" standalone="no"?>
<testsuite failures="0" name="cucumber.runtime.formatter.JUnitFormatter" skipped="0" tests="2" time="0.24779">
    <testcase classname="Verify the scenarios using Tags" name="Verify Home page" time="0.247602">
        <system-out><![CDATA[When clicking on home page..................................................passed
Then home page should be opened.............................................passed
]]></system-out>
    </testcase>
    <testcase classname="Verify the scenarios using Tags" name="Verify Mobiles page" time="0.000188">
        <system-out><![CDATA[When clicking on mobiles page...............................................passed
Then mobiles page should be opened..........................................passed
]]></system-out>
    </testcase>
</testsuite>
